1500453382.037937 client started (36351): version 2.5, socket /private/tmp/tmux-501/default, protocol 8
1500453382.037970 on Darwin 16.6.0 Darwin Kernel Version 16.6.0: Fri Apr 14 16:21:16 PDT 2017; root:xnu-3789.60.24~6/RELEASE_X86_64; libevent 2.1.8-stable (select)
1500453382.038004 socket is /private/tmp/tmux-501/default
1500453382.038018 trying connect
1500453382.038094 add peer 0x7fa8ac801000: 6 (0x0)
1500453382.047706 sending message 100 to peer 0x7fa8ac801000 (4 bytes)
1500453382.047727 sending message 101 to peer 0x7fa8ac801000 (16 bytes)
1500453382.047731 sending message 102 to peer 0x7fa8ac801000 (13 bytes)
1500453382.047733 sending message 108 to peer 0x7fa8ac801000 (24 bytes)
1500453382.047742 sending message 104 to peer 0x7fa8ac801000 (0 bytes)
1500453382.047745 sending message 107 to peer 0x7fa8ac801000 (4 bytes)
1500453382.047748 sending message 105 to peer 0x7fa8ac801000 (76 bytes)
1500453382.047750 sending message 105 to peer 0x7fa8ac801000 (32 bytes)
1500453382.047753 sending message 105 to peer 0x7fa8ac801000 (14 bytes)
1500453382.047755 sending message 105 to peer 0x7fa8ac801000 (12 bytes)
1500453382.047758 sending message 105 to peer 0x7fa8ac801000 (232 bytes)
1500453382.047761 sending message 105 to peer 0x7fa8ac801000 (24 bytes)
1500453382.047763 sending message 105 to peer 0x7fa8ac801000 (19 bytes)
1500453382.047766 sending message 105 to peer 0x7fa8ac801000 (21 bytes)
1500453382.047769 sending message 105 to peer 0x7fa8ac801000 (61 bytes)
1500453382.047771 sending message 105 to peer 0x7fa8ac801000 (17 bytes)
1500453382.047774 sending message 105 to peer 0x7fa8ac801000 (21 bytes)
1500453382.047776 sending message 105 to peer 0x7fa8ac801000 (8 bytes)
1500453382.047779 sending message 105 to peer 0x7fa8ac801000 (15 bytes)
1500453382.047781 sending message 105 to peer 0x7fa8ac801000 (32 bytes)
1500453382.047784 sending message 105 to peer 0x7fa8ac801000 (39 bytes)
1500453382.047786 sending message 105 to peer 0x7fa8ac801000 (11 bytes)
1500453382.047789 sending message 105 to peer 0x7fa8ac801000 (575 bytes)
1500453382.047792 sending message 105 to peer 0x7fa8ac801000 (28 bytes)
1500453382.047794 sending message 105 to peer 0x7fa8ac801000 (16 bytes)
1500453382.047797 sending message 105 to peer 0x7fa8ac801000 (34 bytes)
1500453382.047799 sending message 105 to peer 0x7fa8ac801000 (24 bytes)
1500453382.047802 sending message 105 to peer 0x7fa8ac801000 (16 bytes)
1500453382.047804 sending message 105 to peer 0x7fa8ac801000 (15 bytes)
1500453382.047807 sending message 105 to peer 0x7fa8ac801000 (8 bytes)
1500453382.047809 sending message 105 to peer 0x7fa8ac801000 (66 bytes)
1500453382.047812 sending message 105 to peer 0x7fa8ac801000 (21 bytes)
1500453382.047814 sending message 105 to peer 0x7fa8ac801000 (23 bytes)
1500453382.047817 sending message 105 to peer 0x7fa8ac801000 (28 bytes)
1500453382.047819 sending message 105 to peer 0x7fa8ac801000 (60 bytes)
1500453382.047822 sending message 105 to peer 0x7fa8ac801000 (57 bytes)
1500453382.047825 sending message 105 to peer 0x7fa8ac801000 (43 bytes)
1500453382.047832 sending message 105 to peer 0x7fa8ac801000 (15 bytes)
1500453382.047834 sending message 105 to peer 0x7fa8ac801000 (54 bytes)
1500453382.047837 sending message 105 to peer 0x7fa8ac801000 (31 bytes)
1500453382.047840 sending message 105 to peer 0x7fa8ac801000 (12 bytes)
1500453382.047842 sending message 105 to peer 0x7fa8ac801000 (14 bytes)
1500453382.047845 sending message 105 to peer 0x7fa8ac801000 (19 bytes)
1500453382.047847 sending message 105 to peer 0x7fa8ac801000 (29 bytes)
1500453382.047850 sending message 105 to peer 0x7fa8ac801000 (22 bytes)
1500453382.047852 sending message 105 to peer 0x7fa8ac801000 (38 bytes)
1500453382.047855 sending message 105 to peer 0x7fa8ac801000 (17 bytes)
1500453382.047857 sending message 105 to peer 0x7fa8ac801000 (15 bytes)
1500453382.047860 sending message 106 to peer 0x7fa8ac801000 (0 bytes)
1500453382.047865 sending message 200 to peer 0x7fa8ac801000 (4 bytes)
1500453382.047868 client loop enter
1500453382.048133 peer 0x7fa8ac801000 message 211
1500453382.048151 peer 0x7fa8ac801000 message 203
1500453382.048177 client loop exit
